[debug] [2022-07-15T19:21:12.944Z] ----------------------------------------------------------------------
[debug] [2022-07-15T19:21:12.946Z] Command:       C:\Program Files\nodejs\node.exe C:\Users\Hafiz Abdul Rehman\AppData\Roaming\npm\node_modules\firebase-tools\lib\bin\firebase.js init
[debug] [2022-07-15T19:21:12.947Z] CLI Version:   9.9.0
[debug] [2022-07-15T19:21:12.947Z] Platform:      win32
[debug] [2022-07-15T19:21:12.947Z] Node Version:  v16.15.1
[debug] [2022-07-15T19:21:12.948Z] Time:          Sat Jul 16 2022 00:21:12 GMT+0500 (Pakistan Standard Time)
[debug] [2022-07-15T19:21:12.948Z] ----------------------------------------------------------------------
[debug] 
[debug] [2022-07-15T19:21:12.956Z] > command requires scopes: ["email","openid","https://www.googleapis.com/auth/cloudplatformprojects.readonly","https://www.googleapis.com/auth/firebase","https://www.googleapis.com/auth/cloud-platform"]
[debug] [2022-07-15T19:21:12.957Z] > authorizing via signed-in user (bajwaarehmanbajwa@gmail.com)
[info] 
     ######## #### ########  ######## ########     ###     ######  ########
     ##        ##  ##     ## ##       ##     ##  ##   ##  ##       ##
     ######    ##  ########  ######   ########  #########  ######  ######
     ##        ##  ##    ##  ##       ##     ## ##     ##       ## ##
     ##       #### ##     ## ######## ########  ##     ##  ######  ########

You're about to initialize a Firebase project in this directory:

  C:\Users\Hafiz Abdul Rehman\Desktop\J\corpuss\corpus_project

[info] 
=== Project Setup
[info] 
[info] First, let's associate this project directory with a Firebase project.
[info] You can create multiple project aliases by running firebase use --add, 
[info] but for now we'll just set up a default project.
[info] 
[debug] [2022-07-15T19:21:24.269Z] > refreshing access token with scopes: []
[debug] [2022-07-15T19:21:24.270Z] >>> HTTP REQUEST POST https://www.googleapis.com/oauth2/v3/token  
 <request body omitted>
[debug] [2022-07-15T19:21:25.122Z] <<< HTTP RESPONSE 200 {"expires":"Mon, 01 Jan 1990 00:00:00 GMT","cache-control":"no-cache, no-store, max-age=0, must-revalidate","date":"Fri, 15 Jul 2022 19:21:26 GMT","pragma":"no-cache","content-type":"application/json; charset=utf-8","vary":"X-Origin, Referer, Origin,Accept-Encoding","server":"scaffolding on HTTPServer2","x-xss-protection":"0","x-frame-options":"SAMEORIGIN","x-content-type-options":"nosniff","alt-svc":"h3=\":443\"; ma=2592000,h3-29=\":443\"; ma=2592000,h3-Q050=\":443\"; ma=2592000,h3-Q046=\":443\"; ma=2592000,h3-Q043=\":443\"; ma=2592000,quic=\":443\"; ma=2592000; v=\"46,43\"","accept-ranges":"none","transfer-encoding":"chunked"}
[debug] [2022-07-15T19:21:25.155Z] >>> [apiv2][query] GET https://firebase.googleapis.com/v1beta1/projects pageSize=100
[debug] [2022-07-15T19:21:26.984Z] <<< [apiv2][status] GET https://firebase.googleapis.com/v1beta1/projects 200
[debug] [2022-07-15T19:21:26.984Z] <<< [apiv2][body] GET https://firebase.googleapis.com/v1beta1/projects [omitted]
